\BOOKMARK [1][-]{section.1}{QuimP11b - Whats new?}{}% 1
\BOOKMARK [1][-]{section.2}{Installation}{}% 2
\BOOKMARK [1][-]{section.3}{QuimP11 Workflow}{}% 3
\BOOKMARK [1][-]{section.4}{Cell Segmentation - BOA Plugin}{}% 4
\BOOKMARK [2][-]{subsection.4.1}{A Few Words on Image Segmentation}{section.4}% 5
\BOOKMARK [1][-]{section.5}{Cell Tracking - ECMM Plugin}{}% 6
\BOOKMARK [2][-]{subsection.5.1}{ECMM Tracking}{section.5}% 7
\BOOKMARK [1][-]{section.6}{Fluorescence Measurements - ANA Plugin}{}% 8
\BOOKMARK [1][-]{section.7}{Compiling Data - Q Analysis Plugin}{}% 9
\BOOKMARK [1][-]{section.8}{Data Files Explained}{}% 10
\BOOKMARK [2][-]{subsection.8.1}{Parameter Files - paQP Files}{section.8}% 11
\BOOKMARK [2][-]{subsection.8.2}{Snake Data - snQP files}{section.8}% 12
\BOOKMARK [2][-]{subsection.8.3}{Frame statistics - stQP files}{section.8}% 13
\BOOKMARK [2][-]{subsection.8.4}{QuimP Maps - maQP files}{section.8}% 14
\BOOKMARK [2][-]{subsection.8.5}{Scalable vector graphics output - svg files}{section.8}% 15
\BOOKMARK [1][-]{section.9}{MATLAB Functions}{}% 16
\BOOKMARK [2][-]{subsection.9.1}{Loading data - readQanalysis.m }{section.9}% 17
\BOOKMARK [2][-]{subsection.9.2}{Function Overview}{section.9}% 18
\BOOKMARK [2][-]{subsection.9.3}{Tracking Maps}{section.9}% 19
\BOOKMARK [1][-]{section.10}{Walkthrough analysis}{}% 20
\BOOKMARK [1][-]{section.11}{Contact}{}% 21
